  copy start 1000 	1000	
 first stl retadr 	1000	
 cloop jsub rdrec 	1003	
       lda length 	1006	
        comp zero 	1009	
       jeq endfil 	100c	
       jsub wrrec 	100f	
          j cloop 	1012	
   endfil lda eof 	1015	
       sta buffer 	1018	
        lda three 	101b	
       sta length 	101e	
       jsub wrrec 	1021	
       ldl retadr 	1024	
             rsub 	1027	
  eof byte c'eof' 	102a	
     three word 3 	102d	
      zero word 0 	1030	
    retadr resw 1 	1033	
    length resw 1 	1036	
 buffer resb 4096 	1039	
   rdrec ldx zero 	2039	
         lda zero 	203c	
   rloop td input 	203f	
        jeq rloop 	2042	
         rd input 	2045	
        comp zero 	2048	
         jeq exit 	204b	
    stch buffer,x 	204e	
       tix maxlen 	2051	
        jlt rloop 	2054	
  exit stx length 	2057	
             rsub 	205a	
 input byte x'f1' 	205d	1048579 
 maxlen word 4096 	205e	
   wrrec ldx zero 	2061	
  wloop td output 	2064	
        jeq wloop 	2067	
    ldch buffer,x 	206a	
        wd output 	206d	
       tix length 	2070	
        jlt wloop 	2073	
             rsub 	2076	
output byte x'05' 	2079	1048579 
        end first 	207a	
